<?xml version="1.0" encoding="UTF-8"?>
<!-- Generated by org.testng.reporters.JUnitReportReporter -->
<testsuite skipped="0" hostname="anirban-hp-notebook" name="com.ttassesment.testcases.CompareProductPrice" tests="1" failures="0" timestamp="2022-01-27T23:42:56 IST" time="59.154" errors="0">
  <testcase name="getPriceOnBothWebsite" time="59.154" classname="com.ttassesment.testcases.CompareProductPrice"/>
  <system-out/>
</testsuite> <!-- com.ttassesment.testcases.CompareProductPrice -->
