<?xml version="1.0" encoding="UTF-8"?>
<!-- Generated by org.testng.reporters.JUnitReportReporter -->
<testsuite skipped="0" hostname="anirban-hp-notebook" name="com.ttassesment.testcases.FlipCartGetPriceOfProductAfterAddition" tests="1" failures="0" timestamp="2022-01-25T00:44:11 IST" time="28.299" errors="0">
  <testcase name="getTotalAmount" time="28.299" classname="com.ttassesment.testcases.FlipCartGetPriceOfProductAfterAddition"/>
  <system-out/>
</testsuite> <!-- com.ttassesment.testcases.FlipCartGetPriceOfProductAfterAddition -->
